#
# There is insufficient memory for the Java Runtime Environment to continue.
# Native memory allocation (malloc) failed to allocate 131088 bytes for Chunk::new
# Possible reasons:
#   The system is out of physical RAM or swap space
#   In 32 bit mode, the process size limit was hit
# Possible solutions:
#   Reduce memory load on the system
#   Increase physical memory or swap space
#   Check if swap backing store is full
#   Use 64 bit Java on a 64 bit OS
#   Decrease Java heap size (-Xmx/-Xms)
#   Decrease number of Java threads
#   Decrease Java thread stack sizes (-Xss)
#   Set larger code cache with -XX:ReservedCodeCacheSize=
# This output file may be truncated or incomplete.
#
#  Out of Memory Error (allocation.cpp:390), pid=15776, tid=7340
#
# JRE version: Java(TM) SE Runtime Environment (8.0_91-b15) (build 1.8.0_91-b15)
# Java VM: Java HotSpot(TM) 64-Bit Server VM (25.91-b15 mixed mode windows-amd64 compressed oops)
# Failed to write core dump. Minidumps are not enabled by default on client versions of Windows
#

---------------  T H R E A D  ---------------

Current thread (0x00000000166b3800):  JavaThread "C2 CompilerThread1" daemon [_thread_in_native, id=7340, stack(0x0000000016a60000,0x0000000016b60000)]

Stack: [0x0000000016a60000,0x0000000016b60000]
[error occurred during error reporting (printing stack bounds), id 0xc0000005]

Native frames: (J=compiled Java code, j=interpreted, Vv=VM code, C=native code)


Current CompileTask:
C2:   2432 1409       4       com.android.dx.ssa.SCCP::simulateBranch (666 bytes)


---------------  P R O C E S S  ---------------

Java Threads: ( => current thread )
  0x00000000169a7000 JavaThread "pool-2-thread-4" [_thread_in_Java, id=13148, stack(0x0000000017260000,0x0000000017360000)]
  0x00000000168f7000 JavaThread "pool-2-thread-3" [_thread_in_Java, id=17068, stack(0x0000000017160000,0x0000000017260000)]
  0x00000000168f6000 JavaThread "pool-2-thread-2" [_thread_in_Java, id=10792, stack(0x0000000017060000,0x0000000017160000)]
  0x00000000168e9800 JavaThread "pool-3-thread-1" [_thread_blocked, id=13036, stack(0x0000000016f60000,0x0000000017060000)]
  0x00000000168e4000 JavaThread "pool-2-thread-1" [_thread_in_Java, id=15756, stack(0x0000000016e60000,0x0000000016f60000)]
  0x00000000166bb800 JavaThread "Service Thread" daemon [_thread_blocked, id=10452, stack(0x0000000016c60000,0x0000000016d60000)]
  0x00000000166b6000 JavaThread "C1 CompilerThread2" daemon [_thread_blocked, id=16396, stack(0x0000000016b60000,0x0000000016c60000)]
=>0x00000000166b3800 JavaThread "C2 CompilerThread1" daemon [_thread_in_native, id=7340, stack(0x0000000016a60000,0x0000000016b60000)]
  0x000000001506b000 JavaThread "C2 CompilerThread0" daemon [_thread_in_native, id=14600, stack(0x0000000016560000,0x0000000016660000)]
  0x000000001506a000 JavaThread "Attach Listener" daemon [_thread_blocked, id=3356, stack(0x0000000016460000,0x0000000016560000)]
  0x000000001501c800 JavaThread "Signal Dispatcher" daemon [_thread_blocked, id=13604, stack(0x0000000016360000,0x0000000016460000)]
  0x0000000014ffa800 JavaThread "Finalizer" daemon [_thread_blocked, id=10952, stack(0x0000000016260000,0x0000000016360000)]
  0x0000000002930000 JavaThread "Reference Handler" daemon [_thread_blocked, id=16420, stack(0x0000000016160000,0x0000000016260000)]
  0x0000000002840800 JavaThread "main" [_thread_in_Java, id=5224, stack(0x0000000002740000,0x0000000002840000)]

Other Threads:
  0x0000000014fd7000 VMThread [stack: 0x0000000016060000,0x0000000016160000] [id=2008]
  0x00000000166d9000 WatcherThread [stack: 0x0000000016d60000,0x0000000016e60000] [id=9356]

VM state:not at safepoint (normal execution)

VM Mutex/Monitor currently owned by a thread: None

Heap:
 PSYoungGen      total 76288K, used 53743K [0x00000000eab00000, 0x00000000f0000000, 0x0000000100000000)
  eden space 65536K, 82% used [0x00000000eab00000,0x00000000edf7bd50,0x00000000eeb00000)
  from space 10752K, 0% used [0x00000000ef580000,0x00000000ef580000,0x00000000f0000000)
  to   space 10752K, 0% used [0x00000000eeb00000,0x00000000eeb00000,0x00000000ef580000)
 ParOldGen       total 175104K, used 0K [0x00000000c0000000, 0x00000000cab00000, 0x00000000eab00000)
  object space 175104K, 0% used [0x00000000c0000000,0x00000000c0000000,0x00000000cab00000)
 Metaspace       used 6202K, capacity 7092K, committed 7296K, reserved 1056768K
  class space    used 605K, capacity 620K, committed 640K, reserved 1048576K

Card table byte_map: [0x0000000011d00000,0x0000000011f10000] byte_map_base: 0x0000000011700000

Marking Bits: (ParMarkBitMap*) 0x0000000059fc2f70
 Begin Bits: [0x0000000012470000, 0x0000000013470000)
 End Bits:   [0x0000000013470000, 0x0000000014470000)

Polling page: 0x00000000008f0000

CodeCache: size=245760Kb used=6023Kb max_used=6023Kb free=239736Kb
 bounds [0x0000000002940000, 0x0000000002f30000, 0x0000000011940000]
 total_blobs=1706 nmethods=1435 adapters=184
 compilation: enabled

Compilation events (10 events):
Event: 2.426 Thread 0x00000000166b6000 1442       3       com.android.dx.util.IntList::equals (82 bytes)
Event: 2.426 Thread 0x00000000166b6000 nmethod 1442 0x0000000002f22bd0 code [0x0000000002f22d60, 0x0000000002f23310]
Event: 2.426 Thread 0x00000000166b6000 1441       3       com.android.dx.rop.code.RegisterSpec::withType (13 bytes)
Event: 2.426 Thread 0x00000000166b6000 nmethod 1441 0x0000000002f23510 code [0x0000000002f23680, 0x0000000002f23868]
Event: 2.426 Thread 0x00000000166b6000 1443       3       com.android.dx.rop.code.InsnList::contentEquals (54 bytes)
Event: 2.427 Thread 0x00000000166b6000 nmethod 1443 0x0000000002f23950 code [0x0000000002f23b20, 0x0000000002f245c8]
Event: 2.427 Thread 0x00000000166b6000 1438       3       com.android.dx.cf.code.Frame::mergeSubroutineLists (90 bytes)
Event: 2.427 Thread 0x00000000166b6000 nmethod 1438 0x0000000002f24910 code [0x0000000002f24ae0, 0x0000000002f253c8]
Event: 2.427 Thread 0x00000000166b6000 1444       3       com.android.dx.cf.code.Merger::mergeLocals (122 bytes)
Event: 2.429 Thread 0x00000000166b6000 nmethod 1444 0x0000000002f256d0 code [0x0000000002f25940, 0x0000000002f26a48]

GC Heap History (0 events):
No events

Deoptimization events (6 events):
Event: 1.054 Thread 0x0000000002840800 Uncommon trap: reason=unstable_if action=reinterpret pc=0x0000000002a90bd4 method=java.lang.String.compareTo(Ljava/lang/String;)I @ 38
Event: 1.368 Thread 0x00000000168f7000 Uncommon trap: reason=unstable_if action=reinterpret pc=0x0000000002b5577c method=java.util.HashMap.getNode(ILjava/lang/Object;)Ljava/util/HashMap$Node; @ 62
Event: 1.391 Thread 0x00000000168f6000 Uncommon trap: reason=unstable_if action=reinterpret pc=0x0000000002b7b5b0 method=java.util.BitSet.nextSetBit(I)I @ 87
Event: 1.674 Thread 0x00000000168e4000 Uncommon trap: reason=null_check action=make_not_entrant pc=0x0000000002c37c2c method=com.android.dx.ssa.SsaRenamer.getLocalForNewReg(I)Lcom/android/dx/rop/code/LocalItem; @ 19
Event: 1.690 Thread 0x00000000168e4000 Uncommon trap: reason=unstable_if action=reinterpret pc=0x0000000002c8bfac method=com.android.dx.rop.code.RegisterSpecSet.put(Lcom/android/dx/rop/code/RegisterSpec;)V @ 77
Event: 1.898 Thread 0x00000000168f7000 Uncommon trap: reason=unstable_if action=reinterpret pc=0x0000000002c3de60 method=com.android.dx.rop.code.RegisterSpec.equals(ILcom/android/dx/rop/type/TypeBearer;Lcom/android/dx/rop/code/LocalItem;)Z @ 42

Internal exceptions (3 events):
Event: 0.101 Thread 0x0000000002840800 Exception <a 'java/lang/NoSuchMethodError': Method sun.misc.Unsafe.defineClass(Ljava/lang/String;[BII)Ljava/lang/Class; name or signature does not match> (0x00000000eab07cc0) thrown at [C:\re\workspace\8-2-build-windows-amd64-cygwin\jdk8u91\7017\hotspot\srÌëÞà¹?
Event: 0.101 Thread 0x0000000002840800 Exception <a 'java/lang/NoSuchMethodError': Method sun.misc.Unsafe.prefetchRead(Ljava/lang/Object;J)V name or signature does not match> (0x00000000eab07fa8) thrown at [C:\re\workspace\8-2-build-windows-amd64-cygwin\jdk8u91\7017\hotspot\src\share\vm\prims\jMAïp‡Çú?
Event: 1.674 Thread 0x00000000168e4000 Implicit null exception at 0x0000000002c35bc2 to 0x0000000002c37be9

Events (10 events):
Event: 1.767 loading class java/util/DualPivotQuicksort done
Event: 1.866 Executing VM operation: ForceSafepoint
Event: 1.877 Executing VM operation: ForceSafepoint done
Event: 1.898 Thread 0x00000000168f7000 Uncommon trap: trap_request=0xffffff65 fr.pc=0x0000000002c3de60
Event: 1.898 Thread 0x00000000168f7000 DEOPT PACKING pc=0x0000000002c3de60 sp=0x000000001725eac0
Event: 1.898 Thread 0x00000000168f7000 DEOPT UNPACKING pc=0x000000000298582a sp=0x000000001725ea48 mode 2
Event: 2.325 Thread 0x00000000169a7000 DEOPT PACKING pc=0x0000000002cc3f27 sp=0x000000001735e6f0
Event: 2.325 Thread 0x00000000169a7000 DEOPT UNPACKING pc=0x000000000298787f sp=0x000000001735e488 mode 0
Event: 2.330 loading class com/android/dx/cf/attrib/AttExceptions
Event: 2.330 loading class com/android/dx/cf/attrib/AttExceptions done


Dynamic libraries:
0x00007ff6c8f70000 - 0x00007ff6c8fa7000 	F:\Tools\Java\JDK\bin\java.exe
0x00007fffc6b70000 - 0x00007fffc6d32000 	C:\Windows\SYSTEM32\ntdll.dll
0x00007fffc44e0000 - 0x00007fffc458d000 	C:\Windows\system32\KERNEL32.DLL
0x00007fffc4060000 - 0x00007fffc423d000 	C:\Windows\system32\KERNELBASE.dll
0x00007fffc6590000 - 0x00007fffc6636000 	C:\Windows\system32\ADVAPI32.dll
0x00007fffc4600000 - 0x00007fffc469d000 	C:\Windows\system32\msvcrt.dll
0x00007fffc6640000 - 0x00007fffc669b000 	C:\Windows\system32\sechost.dll
0x00007fffc4780000 - 0x00007fffc48a6000 	C:\Windows\system32\RPCRT4.dll
0x00007fffc4240000 - 0x00007fffc438e000 	C:\Windows\system32\USER32.dll
0x00007fffc6760000 - 0x00007fffc68e5000 	C:\Windows\system32\GDI32.dll
0x00007fffbf180000 - 0x00007fffbf3f4000 	C:\Windows\WinSxS\amd64_microsoft.windows.common-controls_6595b64144ccf1df_6.0.10240.16384_none_f41f7b285750ef43\COMCTL32.dll
0x00007fffc6720000 - 0x00007fffc6756000 	C:\Windows\system32\IMM32.DLL
0x00007fffc4980000 - 0x00007fffc4adc000 	C:\Windows\system32\MSCTF.dll
0x0000000059360000 - 0x0000000059432000 	F:\Tools\Java\JDK\jre\bin\msvcr100.dll
0x00000000597b0000 - 0x000000005a043000 	F:\Tools\Java\JDK\jre\bin\server\jvm.dll
0x00007fffc45f0000 - 0x00007fffc45f8000 	C:\Windows\system32\PSAPI.DLL
0x00007fffbb6a0000 - 0x00007fffbb6a9000 	C:\Windows\SYSTEM32\WSOCK32.dll
0x00007fffc1760000 - 0x00007fffc1783000 	C:\Windows\SYSTEM32\WINMM.dll
0x00007fffc64b0000 - 0x00007fffc6519000 	C:\Windows\system32\WS2_32.dll
0x00007fffc6700000 - 0x00007fffc6708000 	C:\Windows\system32\NSI.dll
0x00007fffc00f0000 - 0x00007fffc00fa000 	C:\Windows\SYSTEM32\VERSION.dll
0x00007fffc16e0000 - 0x00007fffc170c000 	C:\Windows\SYSTEM32\WINMMBASE.dll
0x00007fffc3700000 - 0x00007fffc3744000 	C:\Windows\system32\cfgmgr32.dll
0x00007fffc1f10000 - 0x00007fffc1f37000 	C:\Windows\SYSTEM32\DEVOBJ.dll
0x000000005a360000 - 0x000000005a36f000 	F:\Tools\Java\JDK\jre\bin\verify.dll
0x0000000059780000 - 0x00000000597a9000 	F:\Tools\Java\JDK\jre\bin\java.dll
0x000000005a340000 - 0x000000005a356000 	F:\Tools\Java\JDK\jre\bin\zip.dll
0x00007fffc4d70000 - 0x00007fffc6293000 	C:\Windows\system32\SHELL32.dll
0x00007fffc3920000 - 0x00007fffc3f49000 	C:\Windows\system32\windows.storage.dll
0x00007fffc68f0000 - 0x00007fffc6b6c000 	C:\Windows\system32\combase.dll
0x00007fffc4590000 - 0x00007fffc45e1000 	C:\Windows\system32\shlwapi.dll
0x00007fffc3610000 - 0x00007fffc361f000 	C:\Windows\system32\kernel.appcore.dll
0x00007fffc3640000 - 0x00007fffc36f3000 	C:\Windows\system32\shcore.dll
0x00007fffc35c0000 - 0x00007fffc360a000 	C:\Windows\system32\powrprof.dll
0x00007fffc35a0000 - 0x00007fffc35b3000 	C:\Windows\system32\profapi.dll

VM Arguments:
jvm_args: -Djava.awt.headless=true -Xmx1024M -Dfile.encoding=GBK -Duser.country=CN -Duser.language=zh -Duser.variant 
java_command: com.android.dx.command.Main --dex --force-jumbo --num-threads=4 --multi-dex --output C:\Users\Tang\Documents\SmartisanTime\app\build\intermediates\transforms\dex\debug\folders\1000\10\com.android.support-appcompat-v7-23.4.0_e0a2cd74479242a44c89217ed43b03cb1c8cb511 C:\Users\Tang\Documents\SmartisanTime\app\build\intermediates\exploded-aar\com.android.support\appcompat-v7\23.4.0\jars\classes.jar
java_class_path (initial): F:\Tools\SDK\SDK\build-tools\24.0.2\lib\dx.jar
Launcher Type: SUN_STANDARD

Environment Variables:
JAVA_HOME=F:\Tools\Java\JDK
PATH=C:\ProgramData\Oracle\Java\javapath;C:\Windows\system32;C:\Windows;C:\Windows\System32\Wbem;C:\Windows\System32\WindowsPowerShell\v1.0\;C:\Program Files (x86)\NVIDIA Corporation\PhysX\Common;E:\Tools\Java\JDK\bin;C:\Program Files (x86)\Microsoft SQL Server\100\Tools\Binn\;C:\Program Files\Microsoft SQL Server\100\Tools\Binn\;C:\Program Files\Microsoft SQL Server\100\DTS\Binn\;F:\Tools\Git\cmd
USERNAME=Tang
OS=Windows_NT
PROCESSOR_IDENTIFIER=Intel64 Family 6 Model 58 Stepping 9, GenuineIntel



---------------  S Y S T E M  ---------------

OS: Windows 10.0 , 64 bit Build 10240 (10.0.10240.16384)

CPU:total 4 (2 cores per cpu, 2 threads per core) family 6 model 58 stepping 9, cmov, cx8, fxsr, mmx, sse, sse2, sse3, ssse3, sse4.1, sse4.2, popcnt, avx, aes, clmul, erms, ht, tsc, tscinvbit, tscinv

Memory: 4k page, physical 16653592k(6260540k free), swap 16653592k(5136k free)

vm_info: Java HotSpot(TM) 64-Bit Server VM (25.91-b15) for windows-amd64 JRE (1.8.0_91-b15), built on May 20 2016 17:43:15 by "java_re" with MS VC++ 10.0 (VS2010)

time: Wed Sep 21 21:22:43 2016
elapsed time: 2 seconds (0d 0h 0m 2s)

