#
# There is insufficient memory for the Java Runtime Environment to continue.
# Native memory allocation (malloc) failed to allocate 1048576 bytes for AllocateHeap
# Possible reasons:
#   The system is out of physical RAM or swap space
#   In 32 bit mode, the process size limit was hit
# Possible solutions:
#   Reduce memory load on the system
#   Increase physical memory or swap space
#   Check if swap backing store is full
#   Use 64 bit Java on a 64 bit OS
#   Decrease Java heap size (-Xmx/-Xms)
#   Decrease number of Java threads
#   Decrease Java thread stack sizes (-Xss)
#   Set larger code cache with -XX:ReservedCodeCacheSize=
# This output file may be truncated or incomplete.
#
#  Out of Memory Error (memory/allocation.inline.hpp:61), pid=4668, tid=10792
#
# JRE version:  (8.0_91-b15) (build )
# Java VM: Java HotSpot(TM) 64-Bit Server VM (25.91-b15 mixed mode windows-amd64 compressed oops)
# Failed to write core dump. Minidumps are not enabled by default on client versions of Windows
#

---------------  T H R E A D  ---------------

Current thread (0x0000000002ac0800):  JavaThread "Unknown thread" [_thread_in_vm, id=10792, stack(0x0000000002640000,0x0000000002740000)]

Stack: [0x0000000002640000,0x0000000002740000]
[error occurred during error reporting (printing stack bounds), id 0xc0000005]

Native frames: (J=compiled Java code, j=interpreted, Vv=VM code, C=native code)


---------------  P R O C E S S  ---------------

Java Threads: ( => current thread )

Other Threads:

=>0x0000000002ac0800 (exited) JavaThread "Unknown thread" [_thread_in_vm, id=10792, stack(0x0000000002640000,0x0000000002740000)]

VM state:not at safepoint (normal execution)

VM Mutex/Monitor currently owned by a thread: None

Heap:
 PSYoungGen      total 76288K, used 1310K [0x00000000eab00000, 0x00000000f0000000, 0x0000000100000000)
  eden space 65536K, 2% used [0x00000000eab00000,0x00000000eac47af0,0x00000000eeb00000)
  from space 10752K, 0% used [0x00000000ef580000,0x00000000ef580000,0x00000000f0000000)
  to   space 10752K, 0% used [0x00000000eeb00000,0x00000000eeb00000,0x00000000ef580000)
 ParOldGen       total 175104K, used 0K [0x00000000c0000000, 0x00000000cab00000, 0x00000000eab00000)
  object space 175104K, 0% used [0x00000000c0000000,0x00000000c0000000,0x00000000cab00000)
 Metaspace       used 769K, capacity 4480K, committed 4480K, reserved 1056768K
  class space    used 75K, capacity 384K, committed 384K, reserved 1048576K

Card table byte_map: [0x0000000012000000,0x0000000012210000] byte_map_base: 0x0000000011a00000

Marking Bits: (ParMarkBitMap*) 0x0000000059fc2f70
 Begin Bits: [0x0000000012770000, 0x0000000013770000)
 End Bits:   [0x0000000013770000, 0x0000000014770000)

Polling page: 0x0000000002a90000

CodeCache: size=245760Kb used=328Kb max_used=328Kb free=245431Kb
 bounds [0x0000000002c40000, 0x0000000002eb0000, 0x0000000011c40000]
 total_blobs=58 nmethods=0 adapters=38
 compilation: enabled

Compilation events (0 events):
No events

GC Heap History (0 events):
No events

Deoptimization events (0 events):
No events

Internal exceptions (0 events):
No events

Events (10 events):
Event: 0.035 loading class java/lang/Short
Event: 0.035 loading class java/lang/Short done
Event: 0.035 loading class java/lang/Integer
Event: 0.035 loading class java/lang/Integer done
Event: 0.035 loading class java/lang/Long
Event: 0.035 loading class java/lang/Long done
Event: 0.036 loading class java/lang/NullPointerException
Event: 0.036 loading class java/lang/NullPointerException done
Event: 0.036 loading class java/lang/ArithmeticException
Event: 0.036 loading class java/lang/ArithmeticException done


Dynamic libraries:
0x00007ff6c8f70000 - 0x00007ff6c8fa7000 	F:\Tools\Java\JDK\bin\java.exe
0x00007fffc6b70000 - 0x00007fffc6d32000 	C:\Windows\SYSTEM32\ntdll.dll
0x00007fffc44e0000 - 0x00007fffc458d000 	C:\Windows\system32\KERNEL32.DLL
0x00007fffc4060000 - 0x00007fffc423d000 	C:\Windows\system32\KERNELBASE.dll
0x00007fffc6590000 - 0x00007fffc6636000 	C:\Windows\system32\ADVAPI32.dll
0x00007fffc4600000 - 0x00007fffc469d000 	C:\Windows\system32\msvcrt.dll
0x00007fffc6640000 - 0x00007fffc669b000 	C:\Windows\system32\sechost.dll
0x00007fffc4780000 - 0x00007fffc48a6000 	C:\Windows\system32\RPCRT4.dll
0x00007fffc4240000 - 0x00007fffc438e000 	C:\Windows\system32\USER32.dll
0x00007fffc6760000 - 0x00007fffc68e5000 	C:\Windows\system32\GDI32.dll
0x00007fffbf180000 - 0x00007fffbf3f4000 	C:\Windows\WinSxS\amd64_microsoft.windows.common-controls_6595b64144ccf1df_6.0.10240.16384_none_f41f7b285750ef43\COMCTL32.dll
0x00007fffc6720000 - 0x00007fffc6756000 	C:\Windows\system32\IMM32.DLL
0x00007fffc4980000 - 0x00007fffc4adc000 	C:\Windows\system32\MSCTF.dll
0x0000000059360000 - 0x0000000059432000 	F:\Tools\Java\JDK\jre\bin\msvcr100.dll
0x00000000597b0000 - 0x000000005a043000 	F:\Tools\Java\JDK\jre\bin\server\jvm.dll
0x00007fffc45f0000 - 0x00007fffc45f8000 	C:\Windows\system32\PSAPI.DLL
0x00007fffbb6a0000 - 0x00007fffbb6a9000 	C:\Windows\SYSTEM32\WSOCK32.dll
0x00007fffc64b0000 - 0x00007fffc6519000 	C:\Windows\system32\WS2_32.dll
0x00007fffc6700000 - 0x00007fffc6708000 	C:\Windows\system32\NSI.dll
0x00007fffc1760000 - 0x00007fffc1783000 	C:\Windows\SYSTEM32\WINMM.dll
0x00007fffc00f0000 - 0x00007fffc00fa000 	C:\Windows\SYSTEM32\VERSION.dll
0x00007fffc16e0000 - 0x00007fffc170c000 	C:\Windows\SYSTEM32\WINMMBASE.dll
0x00007fffc3700000 - 0x00007fffc3744000 	C:\Windows\system32\cfgmgr32.dll
0x00007fffc1f10000 - 0x00007fffc1f37000 	C:\Windows\SYSTEM32\DEVOBJ.dll
0x000000005a360000 - 0x000000005a36f000 	F:\Tools\Java\JDK\jre\bin\verify.dll
0x0000000059780000 - 0x00000000597a9000 	F:\Tools\Java\JDK\jre\bin\java.dll
0x000000005a340000 - 0x000000005a356000 	F:\Tools\Java\JDK\jre\bin\zip.dll

VM Arguments:
jvm_args: -Djava.awt.headless=true -Xmx1024M -Dfile.encoding=GBK -Duser.country=CN -Duser.language=zh -Duser.variant 
java_command: com.android.dx.command.Main --dex --force-jumbo --num-threads=4 --multi-dex --output C:\Users\Tang\Documents\SmartisanTime\app\build\intermediates\transforms\dex\debug\folders\1000\10\com.android.support-appcompat-v7-23.4.0_e0a2cd74479242a44c89217ed43b03cb1c8cb511 C:\Users\Tang\Documents\SmartisanTime\app\build\intermediates\exploded-aar\com.android.support\appcompat-v7\23.4.0\jars\classes.jar
java_class_path (initial): F:\Tools\SDK\SDK\build-tools\24.0.2\lib\dx.jar
Launcher Type: SUN_STANDARD

Environment Variables:
JAVA_HOME=F:\Tools\Java\JDK
PATH=C:\ProgramData\Oracle\Java\javapath;C:\Windows\system32;C:\Windows;C:\Windows\System32\Wbem;C:\Windows\System32\WindowsPowerShell\v1.0\;C:\Program Files (x86)\NVIDIA Corporation\PhysX\Common;E:\Tools\Java\JDK\bin;C:\Program Files (x86)\Microsoft SQL Server\100\Tools\Binn\;C:\Program Files\Microsoft SQL Server\100\Tools\Binn\;C:\Program Files\Microsoft SQL Server\100\DTS\Binn\;F:\Tools\Git\cmd
USERNAME=Tang
OS=Windows_NT
PROCESSOR_IDENTIFIER=Intel64 Family 6 Model 58 Stepping 9, GenuineIntel



---------------  S Y S T E M  ---------------

OS: Windows 10.0 , 64 bit Build 10240 (10.0.10240.16384)

CPU:total 4 (2 cores per cpu, 2 threads per core) family 6 model 58 stepping 9, cmov, cx8, fxsr, mmx, sse, sse2, sse3, ssse3, sse4.1, sse4.2, popcnt, avx, aes, clmul, erms, ht, tsc, tscinvbit, tscinv

Memory: 4k page, physical 16653592k(5257052k free), swap 16653592k(5264k free)

vm_info: Java HotSpot(TM) 64-Bit Server VM (25.91-b15) for windows-amd64 JRE (1.8.0_91-b15), built on May 20 2016 17:43:15 by "java_re" with MS VC++ 10.0 (VS2010)

time: Wed Sep 21 21:20:58 2016
elapsed time: 0 seconds (0d 0h 0m 0s)

