#
# There is insufficient memory for the Java Runtime Environment to continue.
# Native memory allocation (malloc) failed to allocate 22536 bytes for AllocateHeap
# Possible reasons:
#   The system is out of physical RAM or swap space
#   In 32 bit mode, the process size limit was hit
# Possible solutions:
#   Reduce memory load on the system
#   Increase physical memory or swap space
#   Check if swap backing store is full
#   Use 64 bit Java on a 64 bit OS
#   Decrease Java heap size (-Xmx/-Xms)
#   Decrease number of Java threads
#   Decrease Java thread stack sizes (-Xss)
#   Set larger code cache with -XX:ReservedCodeCacheSize=
# This output file may be truncated or incomplete.
#
#  Out of Memory Error (memory/allocation.inline.hpp:61), pid=16912, tid=15472
#
# JRE version:  (8.0_91-b15) (build )
# Java VM: Java HotSpot(TM) 64-Bit Server VM (25.91-b15 mixed mode windows-amd64 compressed oops)
# Failed to write core dump. Minidumps are not enabled by default on client versions of Windows
#

---------------  T H R E A D  ---------------

Current thread (0x0000000002ea0000):  JavaThread "Reference Handler" daemon [_thread_in_vm, id=15472, stack(0x00000000166d0000,0x00000000167d0000)]

Stack: [0x00000000166d0000,0x00000000167d0000]
[error occurred during error reporting (printing stack bounds), id 0xc0000005]

Native frames: (J=compiled Java code, j=interpreted, Vv=VM code, C=native code)

Java frames: (J=compiled Java code, j=interpreted, Vv=VM code)
j  java.lang.Object.wait(J)V+0
j  java.lang.Object.wait()V+2
j  java.lang.ref.Reference.tryHandlePending(Z)Z+54
j  java.lang.ref.Reference$ReferenceHandler.run()V+1
v  ~StubRoutines::call_stub

---------------  P R O C E S S  ---------------

Java Threads: ( => current thread )
  0x000000001556a800 JavaThread "Finalizer" daemon [_thread_new, id=8676, stack(0x0000000000000000,0x0000000000000000)]
=>0x0000000002ea0000 JavaThread "Reference Handler" daemon [_thread_in_vm, id=15472, stack(0x00000000166d0000,0x00000000167d0000)]
  0x0000000002db0800 JavaThread "main" [_thread_in_native, id=16004, stack(0x0000000002cb0000,0x0000000002db0000)]

Other Threads:
  0x0000000015547000 VMThread [stack: 0x00000000165d0000,0x00000000166d0000] [id=10308]

VM state:not at safepoint (normal execution)

VM Mutex/Monitor currently owned by a thread: None

Heap:
 PSYoungGen      total 76288K, used 1310K [0x00000000eab00000, 0x00000000f0000000, 0x0000000100000000)
  eden space 65536K, 2% used [0x00000000eab00000,0x00000000eac47af0,0x00000000eeb00000)
  from space 10752K, 0% used [0x00000000ef580000,0x00000000ef580000,0x00000000f0000000)
  to   space 10752K, 0% used [0x00000000eeb00000,0x00000000eeb00000,0x00000000ef580000)
 ParOldGen       total 175104K, used 0K [0x00000000c0000000, 0x00000000cab00000, 0x00000000eab00000)
  object space 175104K, 0% used [0x00000000c0000000,0x00000000c0000000,0x00000000cab00000)
 Metaspace       used 1096K, capacity 4480K, committed 4480K, reserved 1056768K
  class space    used 116K, capacity 384K, committed 384K, reserved 1048576K

Card table byte_map: [0x0000000012270000,0x0000000012480000] byte_map_base: 0x0000000011c70000

Marking Bits: (ParMarkBitMap*) 0x0000000059fc2f70
 Begin Bits: [0x00000000129e0000, 0x00000000139e0000)
 End Bits:   [0x00000000139e0000, 0x00000000149e0000)

Polling page: 0x00000000010f0000

CodeCache: size=245760Kb used=404Kb max_used=404Kb free=245355Kb
 bounds [0x0000000002eb0000, 0x0000000003120000, 0x0000000011eb0000]
 total_blobs=103 nmethods=0 adapters=77
 compilation: enabled

Compilation events (0 events):
No events

GC Heap History (0 events):
No events

Deoptimization events (0 events):
No events

Internal exceptions (2 events):
Event: 1.049 Thread 0x0000000002db0800 Exception <a 'java/lang/NoSuchMethodError': Method sun.misc.Unsafe.defineClass(Ljava/lang/String;[BII)Ljava/lang/Class; name or signature does not match> (0x00000000eab07cc0) thrown at [C:\re\workspace\8-2-build-windows-amd64-cygwin\jdk8u91\7017\hotspot\sr
Event: 1.049 Thread 0x0000000002db0800 Exception <a 'java/lang/NoSuchMethodError': Method sun.misc.Unsafe.prefetchRead(Ljava/lang/Object;J)V name or signature does not match> (0x00000000eab07fa8) thrown at [C:\re\workspace\8-2-build-windows-amd64-cygwin\jdk8u91\7017\hotspot\src\share\vm\prims\j

Events (10 events):
Event: 1.050 loading class java/util/HashMap$Node done
Event: 1.051 loading class sun/misc/VM
Event: 1.051 loading class sun/misc/VM done
Event: 1.051 loading class java/util/Hashtable$Entry
Event: 1.051 loading class java/util/Hashtable$Entry done
Event: 1.051 loading class java/lang/Math
Event: 1.052 loading class java/lang/Math done
Event: 1.052 loading class java/lang/ref/Finalizer$FinalizerThread
Event: 1.052 loading class java/lang/ref/Finalizer$FinalizerThread done
Event: 1.052 Thread 0x000000001556a800 Thread added: 0x000000001556a800


Dynamic libraries:
0x00007ff6c8f70000 - 0x00007ff6c8fa7000 	F:\Tools\Java\JDK\bin\java.exe
0x00007fffc6b70000 - 0x00007fffc6d32000 	C:\Windows\SYSTEM32\ntdll.dll
0x00007fffc44e0000 - 0x00007fffc458d000 	C:\Windows\system32\KERNEL32.DLL
0x00007fffc4060000 - 0x00007fffc423d000 	C:\Windows\system32\KERNELBASE.dll
0x00007fffc6590000 - 0x00007fffc6636000 	C:\Windows\system32\ADVAPI32.dll
0x00007fffc4600000 - 0x00007fffc469d000 	C:\Windows\system32\msvcrt.dll
0x00007fffc6640000 - 0x00007fffc669b000 	C:\Windows\system32\sechost.dll
0x00007fffc4780000 - 0x00007fffc48a6000 	C:\Windows\system32\RPCRT4.dll
0x00007fffc4240000 - 0x00007fffc438e000 	C:\Windows\system32\USER32.dll
0x00007fffc6760000 - 0x00007fffc68e5000 	C:\Windows\system32\GDI32.dll
0x00007fffbf180000 - 0x00007fffbf3f4000 	C:\Windows\WinSxS\amd64_microsoft.windows.common-controls_6595b64144ccf1df_6.0.10240.16384_none_f41f7b285750ef43\COMCTL32.dll
0x00007fffc6720000 - 0x00007fffc6756000 	C:\Windows\system32\IMM32.DLL
0x00007fffc4980000 - 0x00007fffc4adc000 	C:\Windows\system32\MSCTF.dll
0x0000000059360000 - 0x0000000059432000 	F:\Tools\Java\JDK\jre\bin\msvcr100.dll
0x00000000597b0000 - 0x000000005a043000 	F:\Tools\Java\JDK\jre\bin\server\jvm.dll
0x00007fffc45f0000 - 0x00007fffc45f8000 	C:\Windows\system32\PSAPI.DLL
0x00007fffbb6a0000 - 0x00007fffbb6a9000 	C:\Windows\SYSTEM32\WSOCK32.dll
0x00007fffc64b0000 - 0x00007fffc6519000 	C:\Windows\system32\WS2_32.dll
0x00007fffc6700000 - 0x00007fffc6708000 	C:\Windows\system32\NSI.dll
0x00007fffc1760000 - 0x00007fffc1783000 	C:\Windows\SYSTEM32\WINMM.dll
0x00007fffc00f0000 - 0x00007fffc00fa000 	C:\Windows\SYSTEM32\VERSION.dll
0x00007fffc16e0000 - 0x00007fffc170c000 	C:\Windows\SYSTEM32\WINMMBASE.dll
0x00007fffc3700000 - 0x00007fffc3744000 	C:\Windows\system32\cfgmgr32.dll
0x00007fffc1f10000 - 0x00007fffc1f37000 	C:\Windows\SYSTEM32\DEVOBJ.dll
0x000000005a360000 - 0x000000005a36f000 	F:\Tools\Java\JDK\jre\bin\verify.dll
0x0000000059780000 - 0x00000000597a9000 	F:\Tools\Java\JDK\jre\bin\java.dll
0x000000005a340000 - 0x000000005a356000 	F:\Tools\Java\JDK\jre\bin\zip.dll

VM Arguments:
jvm_args: -Djava.awt.headless=true -Xmx1024M -Dfile.encoding=GBK -Duser.country=CN -Duser.language=zh -Duser.variant 
java_command: com.android.dx.command.Main --dex --force-jumbo --num-threads=4 --multi-dex --output C:\Users\Tang\Documents\SmartisanTime\app\build\intermediates\transforms\dex\debug\folders\1000\10\com.android.support-animated-vector-drawable-23.4.0_766a37b74b5d25d882883b86b64e3d453b04bf25 C:\Users\Tang\Documents\SmartisanTime\app\build\intermediates\exploded-aar\com.android.support\animated-vector-drawable\23.4.0\jars\classes.jar
java_class_path (initial): F:\Tools\SDK\SDK\build-tools\24.0.2\lib\dx.jar
Launcher Type: SUN_STANDARD

Environment Variables:
JAVA_HOME=F:\Tools\Java\JDK
PATH=C:\ProgramData\Oracle\Java\javapath;C:\Windows\system32;C:\Windows;C:\Windows\System32\Wbem;C:\Windows\System32\WindowsPowerShell\v1.0\;C:\Program Files (x86)\NVIDIA Corporation\PhysX\Common;E:\Tools\Java\JDK\bin;C:\Program Files (x86)\Microsoft SQL Server\100\Tools\Binn\;C:\Program Files\Microsoft SQL Server\100\Tools\Binn\;C:\Program Files\Microsoft SQL Server\100\DTS\Binn\;F:\Tools\Git\cmd
USERNAME=Tang
OS=Windows_NT
PROCESSOR_IDENTIFIER=Intel64 Family 6 Model 58 Stepping 9, GenuineIntel



---------------  S Y S T E M  ---------------

OS: Windows 10.0 , 64 bit Build 10240 (10.0.10240.16384)

CPU:total 4 (2 cores per cpu, 2 threads per core) family 6 model 58 stepping 9, cmov, cx8, fxsr, mmx, sse, sse2, sse3, ssse3, sse4.1, sse4.2, popcnt, avx, aes, clmul, erms, ht, tsc, tscinvbit, tscinv

Memory: 4k page, physical 16653592k(6259144k free), swap 16653592k(4100k free)

vm_info: Java HotSpot(TM) 64-Bit Server VM (25.91-b15) for windows-amd64 JRE (1.8.0_91-b15), built on May 20 2016 17:43:15 by "java_re" with MS VC++ 10.0 (VS2010)

time: Wed Sep 21 21:22:43 2016
elapsed time: 1 seconds (0d 0h 0m 1s)

